\BOOKMARK [0][-]{chapter.1}{\376\377\000N\000a\000m\000e\000s\000p\000a\000c\000e\000\040\000I\000n\000d\000e\000x}{}% 1
\BOOKMARK [1][-]{section.1.1}{\376\377\000P\000a\000c\000k\000a\000g\000e\000s}{chapter.1}% 2
\BOOKMARK [0][-]{chapter.2}{\376\377\000H\000i\000e\000r\000a\000r\000c\000h\000i\000c\000a\000l\000\040\000I\000n\000d\000e\000x}{}% 3
\BOOKMARK [1][-]{section.2.1}{\376\377\000C\000l\000a\000s\000s\000\040\000H\000i\000e\000r\000a\000r\000c\000h\000y}{chapter.2}% 4
\BOOKMARK [0][-]{chapter.3}{\376\377\000C\000l\000a\000s\000s\000\040\000I\000n\000d\000e\000x}{}% 5
\BOOKMARK [1][-]{section.3.1}{\376\377\000C\000l\000a\000s\000s\000\040\000L\000i\000s\000t}{chapter.3}% 6
\BOOKMARK [0][-]{chapter.4}{\376\377\000F\000i\000l\000e\000\040\000I\000n\000d\000e\000x}{}% 7
\BOOKMARK [1][-]{section.4.1}{\376\377\000F\000i\000l\000e\000\040\000L\000i\000s\000t}{chapter.4}% 8
\BOOKMARK [0][-]{chapter.5}{\376\377\000N\000a\000m\000e\000s\000p\000a\000c\000e\000\040\000D\000o\000c\000u\000m\000e\000n\000t\000a\000t\000i\000o\000n}{}% 9
\BOOKMARK [1][-]{section.5.1}{\376\377\000P\000a\000c\000k\000a\000g\000e\000\040\000O\000M\000P\0002\000D}{chapter.5}% 10
\BOOKMARK [0][-]{chapter.6}{\376\377\000C\000l\000a\000s\000s\000\040\000D\000o\000c\000u\000m\000e\000n\000t\000a\000t\000i\000o\000n}{}% 11
\BOOKMARK [1][-]{section.6.1}{\376\377\000O\000M\000P\0002\000D\000.\000M\000a\000t\000r\000i\000x\000O\000p\000e\000r\000a\000t\000i\000o\000n\000s\000.\000I\000n\000c\000o\000m\000p\000a\000t\000i\000b\000l\000e\000D\000i\000m\000e\000n\000s\000i\000o\000n\000s\000E\000x\000c\000e\000p\000t\000i\000o\000n\000\040\000C\000l\000a\000s\000s\000\040\000R\000e\000f\000e\000r\000e\000n\000c\000e}{chapter.6}% 12
\BOOKMARK [2][-]{subsection.6.1.1}{\376\377\000C\000o\000n\000s\000t\000r\000u\000c\000t\000o\000r\000\040\000\046\000\040\000D\000e\000s\000t\000r\000u\000c\000t\000o\000r\000\040\000D\000o\000c\000u\000m\000e\000n\000t\000a\000t\000i\000o\000n}{section.6.1}% 13
\BOOKMARK [3][-]{subsubsection.6.1.1.1}{\376\377\000I\000n\000c\000o\000m\000p\000a\000t\000i\000b\000l\000e\000D\000i\000m\000e\000n\000s\000i\000o\000n\000s\000E\000x\000c\000e\000p\000t\000i\000o\000n}{subsection.6.1.1}% 14
\BOOKMARK [3][-]{subsubsection.6.1.1.2}{\376\377\000I\000n\000c\000o\000m\000p\000a\000t\000i\000b\000l\000e\000D\000i\000m\000e\000n\000s\000i\000o\000n\000s\000E\000x\000c\000e\000p\000t\000i\000o\000n}{subsection.6.1.1}% 15
\BOOKMARK [3][-]{subsubsection.6.1.1.3}{\376\377\000I\000n\000c\000o\000m\000p\000a\000t\000i\000b\000l\000e\000D\000i\000m\000e\000n\000s\000i\000o\000n\000s\000E\000x\000c\000e\000p\000t\000i\000o\000n}{subsection.6.1.1}% 16
\BOOKMARK [1][-]{section.6.2}{\376\377\000O\000M\000P\0002\000D\000.\000M\000a\000t\000r\000i\000x\000O\000p\000e\000r\000a\000t\000i\000o\000n\000s\000\040\000C\000l\000a\000s\000s\000\040\000R\000e\000f\000e\000r\000e\000n\000c\000e}{chapter.6}% 17
\BOOKMARK [2][-]{subsection.6.2.1}{\376\377\000M\000e\000m\000b\000e\000r\000\040\000F\000u\000n\000c\000t\000i\000o\000n\000\040\000D\000o\000c\000u\000m\000e\000n\000t\000a\000t\000i\000o\000n}{section.6.2}% 18
\BOOKMARK [3][-]{subsubsection.6.2.1.1}{\376\377\000a\000d\000d\000V\000e\000c\000t\000o\000r\000s}{subsection.6.2.1}% 19
\BOOKMARK [3][-]{subsubsection.6.2.1.2}{\376\377\000a\000d\000d\000V\000e\000c\000t\000o\000r\000s}{subsection.6.2.1}% 20
\BOOKMARK [3][-]{subsubsection.6.2.1.3}{\376\377\000a\000l\000l\000o\000c\000a\000t\000e\000E\000l\000e\000m\000e\000n\000t\000s}{subsection.6.2.1}% 21
\BOOKMARK [3][-]{subsubsection.6.2.1.4}{\376\377\000k\000r\000o\000n\000A\000t\000o\000m}{subsection.6.2.1}% 22
\BOOKMARK [3][-]{subsubsection.6.2.1.5}{\376\377\000m\000a\000t\000r\000i\000x\000M\000u\000l\000t\000i\000p\000l\000y}{subsection.6.2.1}% 23
\BOOKMARK [3][-]{subsubsection.6.2.1.6}{\376\377\000m\000a\000x\000A\000b\000s}{subsection.6.2.1}% 24
\BOOKMARK [3][-]{subsubsection.6.2.1.7}{\376\377\000m\000a\000x\000A\000b\000s}{subsection.6.2.1}% 25
\BOOKMARK [3][-]{subsubsection.6.2.1.8}{\376\377\000m\000u\000l\000t\000i\000p\000l\000y\000M\000a\000t\000r\000i\000x\000V\000e\000c\000t\000o\000r}{subsection.6.2.1}% 26
\BOOKMARK [3][-]{subsubsection.6.2.1.9}{\376\377\000n\000o\000r\000m}{subsection.6.2.1}% 27
\BOOKMARK [3][-]{subsubsection.6.2.1.10}{\376\377\000n\000o\000r\000m\000a\000l\000i\000z\000e}{subsection.6.2.1}% 28
\BOOKMARK [3][-]{subsubsection.6.2.1.11}{\376\377\000n\000o\000r\000m\000a\000l\000i\000z\000e}{subsection.6.2.1}% 29
\BOOKMARK [3][-]{subsubsection.6.2.1.12}{\376\377\000o\000u\000t\000e\000r\000P\000r\000o\000d\000u\000c\000t}{subsection.6.2.1}% 30
\BOOKMARK [3][-]{subsubsection.6.2.1.13}{\376\377\000r\000e\000a\000l\000I\000n\000n\000e\000r\000P\000r\000o\000d\000u\000c\000t}{subsection.6.2.1}% 31
\BOOKMARK [3][-]{subsubsection.6.2.1.14}{\376\377\000s\000c\000a\000l\000e\000V\000e\000c\000t\000o\000r}{subsection.6.2.1}% 32
\BOOKMARK [3][-]{subsubsection.6.2.1.15}{\376\377\000v\000e\000c\000t\000o\000r\000M\000a\000t\000r\000i\000x\000V\000e\000c\000t\000o\000r}{subsection.6.2.1}% 33
\BOOKMARK [1][-]{section.6.3}{\376\377\000O\000M\000P\0002\000D\000.\000O\000M\000P\0002\000D\000\040\000C\000l\000a\000s\000s\000\040\000R\000e\000f\000e\000r\000e\000n\000c\000e}{chapter.6}% 34
\BOOKMARK [2][-]{subsection.6.3.1}{\376\377\000C\000o\000n\000s\000t\000r\000u\000c\000t\000o\000r\000\040\000\046\000\040\000D\000e\000s\000t\000r\000u\000c\000t\000o\000r\000\040\000D\000o\000c\000u\000m\000e\000n\000t\000a\000t\000i\000o\000n}{section.6.3}% 35
\BOOKMARK [3][-]{subsubsection.6.3.1.1}{\376\377\000O\000M\000P\0002\000D}{subsection.6.3.1}% 36
\BOOKMARK [2][-]{subsection.6.3.2}{\376\377\000M\000e\000m\000b\000e\000r\000\040\000F\000u\000n\000c\000t\000i\000o\000n\000\040\000D\000o\000c\000u\000m\000e\000n\000t\000a\000t\000i\000o\000n}{section.6.3}% 37
\BOOKMARK [3][-]{subsubsection.6.3.2.1}{\376\377\000c\000a\000l\000c\000B\000l\000o\000c\000k}{subsection.6.3.2}% 38
\BOOKMARK [1][-]{section.6.4}{\376\377\000O\000M\000P\0002\000D\000.\000P\000u\000r\000s\000u\000i\000t\000F\000u\000n\000c\000t\000i\000o\000n\000s\000\040\000C\000l\000a\000s\000s\000\040\000R\000e\000f\000e\000r\000e\000n\000c\000e}{chapter.6}% 39
\BOOKMARK [2][-]{subsection.6.4.1}{\376\377\000M\000e\000m\000b\000e\000r\000\040\000F\000u\000n\000c\000t\000i\000o\000n\000\040\000D\000o\000c\000u\000m\000e\000n\000t\000a\000t\000i\000o\000n}{section.6.4}% 40
\BOOKMARK [3][-]{subsubsection.6.4.1.1}{\376\377\000c\000a\000l\000c\000B\000i\000o\000r\000t\000h\000o\000g\000o\000n\000a\000l}{subsection.6.4.1}% 41
\BOOKMARK [3][-]{subsubsection.6.4.1.2}{\376\377\000c\000a\000l\000c\000I\000n\000d\000e\000x\000Y\000a\000n\000d\000X}{subsection.6.4.1}% 42
\BOOKMARK [3][-]{subsubsection.6.4.1.3}{\376\377\000c\000a\000l\000c\000R\000e\000s\000i\000d\000u\000l\000e\000O\000M\000P}{subsection.6.4.1}% 43
\BOOKMARK [3][-]{subsubsection.6.4.1.4}{\376\377\000c\000h\000o\000o\000s\000e\000A\000t\000o\000m\000O\000M\000P\0002\000D}{subsection.6.4.1}% 44
\BOOKMARK [3][-]{subsubsection.6.4.1.5}{\376\377\000m\000e\000a\000n}{subsection.6.4.1}% 45
\BOOKMARK [3][-]{subsubsection.6.4.1.6}{\376\377\000m\000i\000n}{subsection.6.4.1}% 46
\BOOKMARK [3][-]{subsubsection.6.4.1.7}{\376\377\000o\000r\000t\000h\000o\000g\000o\000n\000a\000l\000i\000z\000e\000O\000M\000P}{subsection.6.4.1}% 47
\BOOKMARK [3][-]{subsubsection.6.4.1.8}{\376\377\000r\000e\000o\000r\000t\000h\000o\000g\000o\000n\000a\000l\000i\000z\000e}{subsection.6.4.1}% 48
\BOOKMARK [0][-]{chapter.7}{\376\377\000F\000i\000l\000e\000\040\000D\000o\000c\000u\000m\000e\000n\000t\000a\000t\000i\000o\000n}{}% 49
\BOOKMARK [1][-]{section.7.1}{\376\377\000s\000r\000c\000/\000O\000M\000P\0002\000D\000/\000M\000a\000t\000r\000i\000x\000O\000p\000e\000r\000a\000t\000i\000o\000n\000s\000.\000j\000a\000v\000a\000\040\000F\000i\000l\000e\000\040\000R\000e\000f\000e\000r\000e\000n\000c\000e}{chapter.7}% 50
\BOOKMARK [1][-]{section.7.2}{\376\377\000s\000r\000c\000/\000O\000M\000P\0002\000D\000/\000O\000M\000P\0002\000D\000.\000j\000a\000v\000a\000\040\000F\000i\000l\000e\000\040\000R\000e\000f\000e\000r\000e\000n\000c\000e}{chapter.7}% 51
\BOOKMARK [1][-]{section.7.3}{\376\377\000s\000r\000c\000/\000O\000M\000P\0002\000D\000/\000P\000u\000r\000s\000u\000i\000t\000F\000u\000n\000c\000t\000i\000o\000n\000s\000.\000j\000a\000v\000a\000\040\000F\000i\000l\000e\000\040\000R\000e\000f\000e\000r\000e\000n\000c\000e}{chapter.7}% 52
\BOOKMARK [0][-]{section*.14}{\376\377\000I\000n\000d\000e\000x}{}% 53
